<?xml version="1.0" encoding="UTF-8"?>
<!-- Generated by org.testng.reporters.JUnitXMLReporter -->
<testsuite hostname="MINDQ_001" ignored="0" name="MavenTest" tests="4" failures="0" timestamp="2023-08-14T11:33:41 IST" time="0.116" errors="0">
  <testcase name="tc001" time="0.015" classname="p1.TestA"/>
  <testcase name="tc002" time="0.002" classname="p1.TestA"/>
  <testcase name="tc003" time="0.004" classname="p2.TestB"/>
  <testcase name="tc004" time="0.003" classname="p2.TestB"/>
</testsuite> <!-- MavenTest -->
